[27-Nov-2020 04:46:42 UTC] WordPress database error Incorrect table name 'wp_admin_users ' for query CREATE TABLE `wp_admin_users ` (   `id`  int(11)   NOT NULL auto_increment,   `first_name`  varchar   NOT NULL,   `last_name`  varchar   NOT NULL,   `email`  varchar   NOT NULL,   PRIMARY KEY `order_id` (`id`) ) ENGINE=MyISAM DEFAULT CHARSET=latin1 AUTO_INCREMENT=1  made by activate_plugin, do_action('activate_test-plugin/test-plugin.php'), WP_Hook->do_action, WP_Hook->apply_filters, create_plugin_database_table, dbDelta
[27-Nov-2020 05:03:39 UTC] WordPress database error Incorrect table name 'wp_admin_users ' for query CREATE TABLE `wp_admin_users ` (   `id`  int(11)   NOT NULL auto_increment,   `first_name`  varchar   NOT NULL,   `last_name`  varchar   NOT NULL,   `email`  varchar   NOT NULL,   PRIMARY KEY `order_id` (`id`) ) ENGINE=MyISAM DEFAULT CHARSET=latin1 AUTO_INCREMENT=1  made by activate_plugin, do_action('activate_test-plugin/test-plugin.php'), WP_Hook->do_action, WP_Hook->apply_filters, create_plugin_database_table, dbDelta
[27-Nov-2020 05:04:15 UTC] WordPress database error Incorrect table name 'wp_admin_users ' for query CREATE TABLE `wp_admin_users `(  `id`  int(11)   NOT NULL auto_increment,  `first_name`  varchar   NOT NULL,   `last_name`  varchar   NOT NULL,   `email`  varchar   NOT NULL,   PRIMARY KEY `order_id` (`id`) ) ENGINE=MyISAM DEFAULT CHARSET=latin1 AUTO_INCREMENT=1  made by activate_plugin, do_action('activate_test-plugin/test-plugin.php'), WP_Hook->do_action, WP_Hook->apply_filters, create_plugin_database_table, dbDelta
[27-Nov-2020 05:11:46 UTC] PHP Fatal error:  Cannot redeclare create_plugin_database_table() (previously declared in /var/www/html/mysite.com/wp-content/plugins/test-plugin/test-plugin.php:9) in /var/www/html/mysite.com/wp-content/plugins/user-plugin/user-plugin.php on line 6
[27-Nov-2020 05:11:46 UTC] PHP Fatal error:  Cannot redeclare create_plugin_database_table() (previously declared in /var/www/html/mysite.com/wp-content/plugins/test-plugin/test-plugin.php:9) in /var/www/html/mysite.com/wp-content/plugins/user-plugin/user-plugin.php on line 6
[27-Nov-2020 05:11:46 UTC] PHP Fatal error:  Cannot redeclare create_plugin_database_table() (previously declared in /var/www/html/mysite.com/wp-content/plugins/test-plugin/test-plugin.php:9) in /var/www/html/mysite.com/wp-content/plugins/user-plugin/user-plugin.php on line 6
[27-Nov-2020 05:12:10 UTC] PHP Fatal error:  Cannot redeclare create_plugin_database_table() (previously declared in /var/www/html/mysite.com/wp-content/plugins/test-plugin/test-plugin.php:9) in /var/www/html/mysite.com/wp-content/plugins/user-plugin/user-plugin.php on line 7
[27-Nov-2020 05:12:10 UTC] PHP Fatal error:  Cannot redeclare create_plugin_database_table() (previously declared in /var/www/html/mysite.com/wp-content/plugins/test-plugin/test-plugin.php:9) in /var/www/html/mysite.com/wp-content/plugins/user-plugin/user-plugin.php on line 7
[27-Nov-2020 05:12:10 UTC] PHP Fatal error:  Cannot redeclare create_plugin_database_table() (previously declared in /var/www/html/mysite.com/wp-content/plugins/test-plugin/test-plugin.php:9) in /var/www/html/mysite.com/wp-content/plugins/user-plugin/user-plugin.php on line 7
[27-Nov-2020 05:13:12 UTC] WordPress database error You have an error in your SQL syntax; check the manual that corresponds to your MySQL server version for the right syntax to use near '`first_name`  varchar   NOT NULL,   `last_name`  varchar   NOT NULL,   `email`  ' at line 1 for query ALTER TABLE wp_admin_users CHANGE COLUMN `id` `id`  int(11)   NOT NULL auto_increment,  `first_name`  varchar   NOT NULL,   `last_name`  varchar   NOT NULL,   `email`  varchar   NOT NULL,   PRIMARY KEY `order_id` (`id`) made by activate_plugin, do_action('activate_user-plugin/user-plugin.php'), WP_Hook->do_action, WP_Hook->apply_filters, create_plugin_database_table_admin_users, dbDelta
[27-Nov-2020 05:13:32 UTC] WordPress database error You have an error in your SQL syntax; check the manual that corresponds to your MySQL server version for the right syntax to use near '`first_name`  varchar   NOT NULL,   `last_name`  varchar   NOT NULL,   `email`  ' at line 1 for query ALTER TABLE wp_admin_users CHANGE COLUMN `id` `id`  int(11)   NOT NULL auto_increment,  `first_name`  varchar   NOT NULL,   `last_name`  varchar   NOT NULL,   `email`  varchar   NOT NULL,   PRIMARY KEY `order_id` (`id`) made by activate_plugin, do_action('activate_user-plugin/user-plugin.php'), WP_Hook->do_action, WP_Hook->apply_filters, create_plugin_database_table_admin_users, dbDelta
[27-Nov-2020 05:15:46 UTC] WordPress database error You have an error in your SQL syntax; check the manual that corresponds to your MySQL server version for the right syntax to use near '`first_name`  varchar   NOT NULL,   `last_name`  varchar   NOT NULL,   `email`  ' at line 1 for query ALTER TABLE wp_admin_users CHANGE COLUMN `id` `id`  int(11)   NOT NULL auto_increment,  `first_name`  varchar   NOT NULL,   `last_name`  varchar   NOT NULL,   `email`  varchar   NOT NULL,   PRIMARY KEY `order_id` (`id`) made by activate_plugin, do_action('activate_user-plugin/user-plugin.php'), WP_Hook->do_action, WP_Hook->apply_filters, create_plugin_database_table_admin_users, dbDelta
[27-Nov-2020 05:19:53 UTC] PHP Notice:  Undefined variable: table_name in /var/www/html/mysite.com/wp-content/plugins/user-plugin/user-plugin.php on line 16
[27-Nov-2020 05:19:53 UTC] PHP Notice:  Undefined variable: charset_collate in /var/www/html/mysite.com/wp-content/plugins/user-plugin/user-plugin.php on line 23
[27-Nov-2020 05:19:53 UTC] WordPress database error You have an error in your SQL syntax; check the manual that corresponds to your MySQL server version for the right syntax to use near '(
                    id mediumint(9) NOT NULL AUTO_INCREMENT,
                 ' at line 1 for query CREATE TABLE  (
                    id mediumint(9) NOT NULL AUTO_INCREMENT,
                    time datetime DEFAULT '0000-00-00 00:00:00' NOT NULL,
                    name tinytext NOT NULL,
                    text text NOT NULL,
                    url varchar(55) DEFAULT '' NOT NULL,
                    PRIMARY KEY  (id)
                  )  made by activate_plugin, do_action('activate_user-plugin/user-plugin.php'), WP_Hook->do_action, WP_Hook->apply_filters, create_plugin_database_table_admin_users, dbDelta
[27-Nov-2020 05:25:27 UTC] PHP Notice:  Undefined variable: table_name in /var/www/html/mysite.com/wp-content/plugins/user-plugin/user-plugin.php on line 17
[27-Nov-2020 05:25:27 UTC] WordPress database error You have an error in your SQL syntax; check the manual that corresponds to your MySQL server version for the right syntax to use near '(
                id mediumint(9) NOT NULL AUTO_INCREMENT,
                time ' at line 1 for query CREATE TABLE  (
                id mediumint(9) NOT NULL AUTO_INCREMENT,
                time datetime DEFAULT '0000-00-00 00:00:00' NOT NULL,
                name tinytext NOT NULL,
                text text NOT NULL,
                url varchar(55) DEFAULT '' NOT NULL,
                PRIMARY KEY (id)
                ) DEFAULT CHARACTER SET utf8mb4 COLLATE utf8mb4_unicode_520_ci made by activate_plugin, do_action('activate_user-plugin/user-plugin.php'), WP_Hook->do_action, WP_Hook->apply_filters, create_plugin_database_table_admin_users, dbDelta
[27-Nov-2020 05:31:29 UTC] PHP Notice:  Undefined variable: table_name in /var/www/html/mysite.com/wp-content/plugins/user-plugin/user-plugin.php on line 17
[27-Nov-2020 05:31:29 UTC] WordPress database error You have an error in your SQL syntax; check the manual that corresponds to your MySQL server version for the right syntax to use near '(
                id mediumint(9) NOT NULL AUTO_INCREMENT,
                time ' at line 1 for query CREATE TABLE  (
                id mediumint(9) NOT NULL AUTO_INCREMENT,
                time datetime DEFAULT '0000-00-00 00:00:00' NOT NULL,
                name tinytext NOT NULL,
                text text NOT NULL,
                url varchar(55) DEFAULT '' NOT NULL,
                PRIMARY KEY (id)
                ) DEFAULT CHARACTER SET utf8mb4 COLLATE utf8mb4_unicode_520_ci made by activate_plugin, do_action('activate_user-plugin/user-plugin.php'), WP_Hook->do_action, WP_Hook->apply_filters, create_plugin_database_table_admin_users, dbDelta
[27-Nov-2020 05:41:32 UTC] PHP Fatal error:  Cannot redeclare test_admin_menu_option() (previously declared in /var/www/html/mysite.com/wp-content/plugins/test-plugin/test-plugin.php:36) in /var/www/html/mysite.com/wp-content/plugins/user-plugin/user-plugin.php on line 29
[27-Nov-2020 05:41:33 UTC] PHP Fatal error:  Cannot redeclare test_admin_menu_option() (previously declared in /var/www/html/mysite.com/wp-content/plugins/test-plugin/test-plugin.php:36) in /var/www/html/mysite.com/wp-content/plugins/user-plugin/user-plugin.php on line 29
[27-Nov-2020 05:42:45 UTC] PHP Notice:  Undefined index: header_scripts in /var/www/html/mysite.com/wp-content/plugins/user-plugin/user-plugin.php on line 39
[27-Nov-2020 05:42:45 UTC] PHP Notice:  Undefined index: footer_scripts in /var/www/html/mysite.com/wp-content/plugins/user-plugin/user-plugin.php on line 40
[27-Nov-2020 05:48:29 UTC] PHP Notice:  Undefined variable: wpdb in /var/www/html/mysite.com/wp-content/plugins/user-plugin/user-plugin.php on line 46
[27-Nov-2020 05:48:29 UTC] PHP Notice:  Trying to get property 'prefix' of non-object in /var/www/html/mysite.com/wp-content/plugins/user-plugin/user-plugin.php on line 46
[27-Nov-2020 05:48:29 UTC] PHP Notice:  Undefined variable: wpdb in /var/www/html/mysite.com/wp-content/plugins/user-plugin/user-plugin.php on line 48
[27-Nov-2020 05:48:29 UTC] PHP Fatal error:  Uncaught Error: Call to a member function insert() on null in /var/www/html/mysite.com/wp-content/plugins/user-plugin/user-plugin.php:48
Stack trace:
#0 /var/www/html/mysite.com/wp-includes/class-wp-hook.php(287): script_page()
#1 /var/www/html/mysite.com/wp-includes/class-wp-hook.php(311): WP_Hook->apply_filters()
#2 /var/www/html/mysite.com/wp-includes/plugin.php(478): WP_Hook->do_action()
#3 /var/www/html/mysite.com/wp-admin/admin.php(259): do_action()
#4 {main}
  thrown in /var/www/html/mysite.com/wp-content/plugins/user-plugin/user-plugin.php on line 48
[27-Nov-2020 05:50:59 UTC] PHP Notice:  Undefined variable: table_prefix in /var/www/html/mysite.com/wp-content/plugins/user-plugin/user-plugin.php on line 45
[27-Nov-2020 05:50:59 UTC] PHP Notice:  Undefined variable: wpdb in /var/www/html/mysite.com/wp-content/plugins/user-plugin/user-plugin.php on line 47
[27-Nov-2020 05:50:59 UTC] PHP Fatal error:  Uncaught Error: Call to a member function insert() on null in /var/www/html/mysite.com/wp-content/plugins/user-plugin/user-plugin.php:47
Stack trace:
#0 /var/www/html/mysite.com/wp-includes/class-wp-hook.php(287): script_page()
#1 /var/www/html/mysite.com/wp-includes/class-wp-hook.php(311): WP_Hook->apply_filters()
#2 /var/www/html/mysite.com/wp-includes/plugin.php(478): WP_Hook->do_action()
#3 /var/www/html/mysite.com/wp-admin/admin.php(259): do_action()
#4 {main}
  thrown in /var/www/html/mysite.com/wp-content/plugins/user-plugin/user-plugin.php on line 47
[27-Nov-2020 05:51:16 UTC] WordPress database error Incorrect table name 'wp_admin_users ' for query SHOW FULL COLUMNS FROM `wp_admin_users ` made by do_action('toplevel_page_user-admin-menu'), WP_Hook->do_action, WP_Hook->apply_filters, script_page
[27-Nov-2020 05:57:46 UTC] WordPress database error Incorrect table name 'wp_test_users ' for query SHOW FULL COLUMNS FROM `wp_test_users ` made by do_action('toplevel_page_user-admin-menu'), WP_Hook->do_action, WP_Hook->apply_filters, script_page
[27-Nov-2020 05:58:19 UTC] WordPress database error Table 'wpdb.test_users' doesn't exist for query SHOW FULL COLUMNS FROM `test_users` made by do_action('toplevel_page_user-admin-menu'), WP_Hook->do_action, WP_Hook->apply_filters, script_page
[27-Nov-2020 05:58:45 UTC] WordPress database error Table 'wpdb.test_users' doesn't exist for query SHOW FULL COLUMNS FROM `test_users` made by do_action('toplevel_page_user-admin-menu'), WP_Hook->do_action, WP_Hook->apply_filters, script_page
[27-Nov-2020 06:01:06 UTC] WordPress database error Table 'wpdb.test_users' doesn't exist for query SHOW FULL COLUMNS FROM `test_users` made by do_action('toplevel_page_user-admin-menu'), WP_Hook->do_action, WP_Hook->apply_filters, script_page
[27-Nov-2020 06:01:07 UTC] WordPress database error Table 'wpdb.test_users' doesn't exist for query SHOW FULL COLUMNS FROM `test_users` made by do_action('toplevel_page_user-admin-menu'), WP_Hook->do_action, WP_Hook->apply_filters, script_page
[27-Nov-2020 06:01:08 UTC] WordPress database error Table 'wpdb.test_users' doesn't exist for query SHOW FULL COLUMNS FROM `test_users` made by do_action('toplevel_page_user-admin-menu'), WP_Hook->do_action, WP_Hook->apply_filters, script_page
[27-Nov-2020 06:01:08 UTC] WordPress database error Table 'wpdb.test_users' doesn't exist for query SHOW FULL COLUMNS FROM `test_users` made by do_action('toplevel_page_user-admin-menu'), WP_Hook->do_action, WP_Hook->apply_filters, script_page
